\BOOKMARK [0][-]{chapter.1}{Introducci\363n}{}% 1
\BOOKMARK [1][-]{section.1.1}{El proyecto DTXMANIA en el contexto actual}{chapter.1}% 2
\BOOKMARK [2][-]{subsection.1.1.1}{Historia de los principales juegos musicales}{section.1.1}% 3
\BOOKMARK [2][-]{subsection.1.1.2}{Historia. Composici\363n musical mediante ordenador}{section.1.1}% 4
\BOOKMARK [2][-]{subsection.1.1.3}{Bater\355as-MIDI y proyectos en entornos libre}{section.1.1}% 5
\BOOKMARK [2][-]{subsection.1.1.4}{Actualidad de Reproductores DTXMania en entornos libres}{section.1.1}% 6
\BOOKMARK [2][-]{subsection.1.1.5}{Raspberry}{section.1.1}% 7
\BOOKMARK [0][-]{chapter.2}{Proyecto de canciones DTXMANIA entorno libre}{}% 8
\BOOKMARK [1][-]{section.2.1}{Planteamiento general}{chapter.2}% 9
\BOOKMARK [2][-]{subsection.2.1.1}{Comparaciones funcionales Stepmania/DTXMania}{section.2.1}% 10
\BOOKMARK [2][-]{subsection.2.1.2}{pydance}{section.2.1}% 11
\BOOKMARK [2][-]{subsection.2.1.3}{DTXMania}{section.2.1}% 12
\BOOKMARK [1][-]{section.2.2}{Formatos a nivel b\341sico de las canciones en juegos musicales}{chapter.2}% 13
\BOOKMARK [2][-]{subsection.2.2.1}{FoFiX / PhaseShift}{section.2.2}% 14
\BOOKMARK [2][-]{subsection.2.2.2}{MIDI}{section.2.2}% 15
\BOOKMARK [2][-]{subsection.2.2.3}{pyDance}{section.2.2}% 16
\BOOKMARK [2][-]{subsection.2.2.4}{DTXMania}{section.2.2}% 17
\BOOKMARK [0][-]{chapter.3}{Posibles configuraciones en el DTXMania}{}% 18
\BOOKMARK [1][-]{section.3.1}{Configuraciones de Interfaz a implementar}{chapter.3}% 19
\BOOKMARK [2][-]{subsection.3.1.1}{DARK}{section.3.1}% 20
\BOOKMARK [2][-]{subsection.3.1.2}{Autoplay}{section.3.1}% 21
\BOOKMARK [2][-]{subsection.3.1.3}{ScrollSpeed}{section.3.1}% 22
\BOOKMARK [2][-]{subsection.3.1.4}{Tight}{section.3.1}% 23
\BOOKMARK [1][-]{section.3.2}{Configuraciones de Interfaz interesantes para un futuro}{chapter.3}% 24
\BOOKMARK [2][-]{subsection.3.2.1}{InputAdjust}{section.3.2}% 25
\BOOKMARK [2][-]{subsection.3.2.2}{PreviewSoundWait}{section.3.2}% 26
\BOOKMARK [2][-]{subsection.3.2.3}{Fullscreen}{section.3.2}% 27
\BOOKMARK [2][-]{subsection.3.2.4}{Sudden}{section.3.2}% 28
\BOOKMARK [2][-]{subsection.3.2.5}{Hiden}{section.3.2}% 29
\BOOKMARK [1][-]{section.3.3}{Configuraciones de Interfaz que se escapan al proyecto}{chapter.3}% 30
\BOOKMARK [2][-]{subsection.3.3.1}{ComboPosition}{section.3.3}% 31
\BOOKMARK [2][-]{subsection.3.3.2}{Reverse}{section.3.3}% 32
\BOOKMARK [2][-]{subsection.3.3.3}{Position}{section.3.3}% 33
\BOOKMARK [2][-]{subsection.3.3.4}{Guitar/Bass}{section.3.3}% 34
\BOOKMARK [1][-]{section.3.4}{Configuraciones de uso a implementar}{chapter.3}% 35
\BOOKMARK [2][-]{subsection.3.4.1}{Drums Key Assign}{section.3.4}% 36
\BOOKMARK [2][-]{subsection.3.4.2}{HH Group}{section.3.4}% 37
\BOOKMARK [2][-]{subsection.3.4.3}{HH Priority}{section.3.4}% 38
\BOOKMARK [2][-]{subsection.3.4.4}{FT Group}{section.3.4}% 39
\BOOKMARK [2][-]{subsection.3.4.5}{FT Priority}{section.3.4}% 40
\BOOKMARK [2][-]{subsection.3.4.6}{CY Group}{section.3.4}% 41
\BOOKMARK [2][-]{subsection.3.4.7}{CY Priority}{section.3.4}% 42
\BOOKMARK [1][-]{section.3.5}{Configuraciones de uso para un futuro}{chapter.3}% 43
\BOOKMARK [2][-]{subsection.3.5.1}{BGA}{section.3.5}% 44
\BOOKMARK [2][-]{subsection.3.5.2}{FillIn}{section.3.5}% 45
\BOOKMARK [2][-]{subsection.3.5.3}{DebugInfo}{section.3.5}% 46
\BOOKMARK [2][-]{subsection.3.5.4}{HitSound}{section.3.5}% 47
\BOOKMARK [2][-]{subsection.3.5.5}{SaveScore}{section.3.5}% 48
\BOOKMARK [2][-]{subsection.3.5.6}{D-MinCombo}{section.3.5}% 49
\BOOKMARK [1][-]{section.3.6}{Configuraciones de uso que no se implementaran}{chapter.3}% 50
\BOOKMARK [2][-]{subsection.3.6.1}{AVI}{section.3.6}% 51
\BOOKMARK [2][-]{subsection.3.6.2}{Guitar/Bass}{section.3.6}% 52
\BOOKMARK [2][-]{subsection.3.6.3}{StageFailed}{section.3.6}% 53
\BOOKMARK [2][-]{subsection.3.6.4}{BGMSound}{section.3.6}% 54
\BOOKMARK [1][-]{section.3.7}{Otras configuraciones}{chapter.3}% 55
\BOOKMARK [0][-]{chapter.4}{Formato xa}{}% 56
\BOOKMARK [1][-]{section.4.1}{Problemas}{chapter.4}% 57
\BOOKMARK [1][-]{section.4.2}{Soluci\363n aportada al proyecto}{chapter.4}% 58
\BOOKMARK [0][-]{chapter.5}{Formato DTXMania al completo}{}% 59
\BOOKMARK [1][-]{section.5.1}{Estructura b\341sica}{chapter.5}% 60
\BOOKMARK [1][-]{section.5.2}{Cabecera}{chapter.5}% 61
\BOOKMARK [1][-]{section.5.3}{Comandos en cabecera a implementar}{chapter.5}% 62
\BOOKMARK [1][-]{section.5.4}{Comandos en cabecera para un futuro}{chapter.5}% 63
\BOOKMARK [1][-]{section.5.5}{Comandos en cabecera que no se implementaran}{chapter.5}% 64
\BOOKMARK [1][-]{section.5.6}{Objetos}{chapter.5}% 65
\BOOKMARK [1][-]{section.5.7}{Canales definidos por el DTXMania}{chapter.5}% 66
\BOOKMARK [1][-]{section.5.8}{Canales a implementar}{chapter.5}% 67
\BOOKMARK [2][-]{subsection.5.8.1}{01 - BGM Back chorus}{section.5.8}% 68
\BOOKMARK [2][-]{subsection.5.8.2}{03 - BPM}{section.5.8}% 69
\BOOKMARK [2][-]{subsection.5.8.3}{08 - Extended tempo\(BPM\)}{section.5.8}% 70
\BOOKMARK [2][-]{subsection.5.8.4}{11-1A - Notas de la bater\355a}{section.5.8}% 71
\BOOKMARK [2][-]{subsection.5.8.5}{61-62- Sonidos en autoplay}{section.5.8}% 72
\BOOKMARK [1][-]{section.5.9}{Canales a implementar en un futuro}{chapter.5}% 73
\BOOKMARK [2][-]{subsection.5.9.1}{02 - BAR length}{section.5.9}% 74
\BOOKMARK [2][-]{subsection.5.9.2}{04 - BGA}{section.5.9}% 75
\BOOKMARK [2][-]{subsection.5.9.3}{07 - BGA/ 2 capa}{section.5.9}% 76
\BOOKMARK [2][-]{subsection.5.9.4}{31-3A - Drums invible object}{section.5.9}% 77
\BOOKMARK [2][-]{subsection.5.9.5}{50 - BAR line}{section.5.9}% 78
\BOOKMARK [2][-]{subsection.5.9.6}{51 - Beat Line}{section.5.9}% 79
\BOOKMARK [2][-]{subsection.5.9.7}{53 - Fill in}{section.5.9}% 80
\BOOKMARK [2][-]{subsection.5.9.8}{55-59,60 - BGA / capas}{section.5.9}% 81
\BOOKMARK [2][-]{subsection.5.9.9}{63-69, 70-79,80-89,90-92 - Sonidos en autoplay}{section.5.9}% 82
\BOOKMARK [2][-]{subsection.5.9.10}{B1-B9, BC No-chip default sound}{section.5.9}% 83
\BOOKMARK [2][-]{subsection.5.9.11}{C1 [BEAT-line shifting]}{section.5.9}% 84
\BOOKMARK [2][-]{subsection.5.9.12}{C2 [hide BEAT/BAR lines]}{section.5.9}% 85
\BOOKMARK [2][-]{subsection.5.9.13}{C4, C7, D5-D9, E0 [Swapping BGA bitmap] }{section.5.9}% 86
\BOOKMARK [1][-]{section.5.10}{Canales que no se implementaran}{chapter.5}% 87
\BOOKMARK [2][-]{subsection.5.10.1}{00}{section.5.10}% 88
\BOOKMARK [2][-]{subsection.5.10.2}{05 - Extend object}{section.5.10}% 89
\BOOKMARK [2][-]{subsection.5.10.3}{06 - Cambiar la animaci\363n de MISS}{section.5.10}% 90
\BOOKMARK [2][-]{subsection.5.10.4}{09-10 - Reservados por BMS}{section.5.10}% 91
\BOOKMARK [2][-]{subsection.5.10.5}{20-29 y 2F- Notas de la guitarra}{section.5.10}% 92
\BOOKMARK [2][-]{subsection.5.10.6}{30 - flow-speed drums}{section.5.10}% 93
\BOOKMARK [2][-]{subsection.5.10.7}{40 - Reservado por BMS}{section.5.10}% 94
\BOOKMARK [2][-]{subsection.5.10.8}{41-46 Invisible object for the 2nd player}{section.5.10}% 95
\BOOKMARK [2][-]{subsection.5.10.9}{47-49 - Reservado por BMS}{section.5.10}% 96
\BOOKMARK [2][-]{subsection.5.10.10}{52 - MIDI drum chorus}{section.5.10}% 97
\BOOKMARK [2][-]{subsection.5.10.11}{54 - Playback movie}{section.5.10}% 98
\BOOKMARK [2][-]{subsection.5.10.12}{93-99 - Reservados}{section.5.10}% 99
\BOOKMARK [2][-]{subsection.5.10.13}{A0-A7 - Bass notes}{section.5.10}% 100
\BOOKMARK [2][-]{subsection.5.10.14}{A8 - Wailing \(Bass\)}{section.5.10}% 101
\BOOKMARK [2][-]{subsection.5.10.15}{AF - Wailing sound \(Bass\)}{section.5.10}% 102
\BOOKMARK [2][-]{subsection.5.10.16}{BA - No chip default sound \(guitar\)}{section.5.10}% 103
\BOOKMARK [2][-]{subsection.5.10.17}{BB - No chip default sound \(bass\)}{section.5.10}% 104
\BOOKMARK [1][-]{section.5.11}{Comentarios sobre el proyecto}{chapter.5}% 105
\BOOKMARK [0][-]{chapter.6}{Especificaciones generales de dise\361o}{}% 106
\BOOKMARK [1][-]{section.6.1}{Consideraciones generales a python3}{chapter.6}% 107
\BOOKMARK [2][-]{subsection.6.1.1}{Posibles librer\355as gr\341ficas y de sonido: pygame / tkinter / Qt5}{section.6.1}% 108
\BOOKMARK [2][-]{subsection.6.1.2}{Configuraciones en disco duro: configparser}{section.6.1}% 109
\BOOKMARK [2][-]{subsection.6.1.3}{MIDI: pygame / Cython y rtmidi2}{section.6.1}% 110
\BOOKMARK [1][-]{section.6.2}{Gr\341ficos en qt5}{chapter.6}% 111
\BOOKMARK [1][-]{section.6.3}{Animaciones en qt5}{chapter.6}% 112
\BOOKMARK [2][-]{subsection.6.3.1}{Ning\372n timer, una gran animaci\363n}{section.6.3}% 113
\BOOKMARK [2][-]{subsection.6.3.2}{Todas las notas con su timer}{section.6.3}% 114
\BOOKMARK [2][-]{subsection.6.3.3}{Un timer para el siguiente comp\341s}{section.6.3}% 115
\BOOKMARK [2][-]{subsection.6.3.4}{Un timer \372nico para el control del tiempo}{section.6.3}% 116
\BOOKMARK [1][-]{section.6.4}{Sonidos en qt5}{chapter.6}% 117
\BOOKMARK [0][-]{chapter.7}{pyDTX}{}% 118
\BOOKMARK [1][-]{section.7.1}{Ideas generales}{chapter.7}% 119
\BOOKMARK [1][-]{section.7.2}{Pantalla principal}{chapter.7}% 120
\BOOKMARK [1][-]{section.7.3}{Pantalla Inicial}{chapter.7}% 121
\BOOKMARK [1][-]{section.7.4}{Pantalla configuraci\363n bater\355a-MIDI}{chapter.7}% 122
\BOOKMARK [2][-]{subsection.7.4.1}{MIDI}{section.7.4}% 123
\BOOKMARK [2][-]{subsection.7.4.2}{Configuraci\363n MIDI en pyDTX}{section.7.4}% 124
\BOOKMARK [2][-]{subsection.7.4.3}{Bater\355as-MIDI y Lanes}{section.7.4}% 125
\BOOKMARK [1][-]{section.7.5}{Pantalla configuraci\363n pyDTX}{chapter.7}% 126
\BOOKMARK [1][-]{section.7.6}{Pantalla Navegaci\363n}{chapter.7}% 127
\BOOKMARK [1][-]{section.7.7}{Reproducci\363n de la canci\363n}{chapter.7}% 128
\BOOKMARK [2][-]{subsection.7.7.1}{Inicializaci\363n b\341sica y detalles de Qt5}{section.7.7}% 129
\BOOKMARK [2][-]{subsection.7.7.2}{Inicializaci\363n con una canci\363n}{section.7.7}% 130
\BOOKMARK [2][-]{subsection.7.7.3}{Teclado}{section.7.7}% 131
\BOOKMARK [2][-]{subsection.7.7.4}{MIDI}{section.7.7}% 132
\BOOKMARK [2][-]{subsection.7.7.5}{Lanes}{section.7.7}% 133
\BOOKMARK [2][-]{subsection.7.7.6}{Ideas b\341sicas de los lanes}{section.7.7}% 134
\BOOKMARK [0][-]{chapter.8}{Detalles de la implementaci\363n}{}% 135
\BOOKMARK [1][-]{section.8.1}{Transformar .dtx a .dtx libre}{chapter.8}% 136
\BOOKMARK [1][-]{section.8.2}{DRUM-HAT MIDI}{chapter.8}% 137
\BOOKMARK [1][-]{section.8.3}{pyDTX}{chapter.8}% 138
\BOOKMARK [1][-]{section.8.4}{Instalaci\363n}{chapter.8}% 139
\BOOKMARK [2][-]{subsection.8.4.1}{Fedora 25 - x86 64bits}{section.8.4}% 140
\BOOKMARK [2][-]{subsection.8.4.2}{Raspberry3 - armv7}{section.8.4}% 141
\BOOKMARK [2][-]{subsection.8.4.3}{Conseguir el c\363digo fuente}{section.8.4}% 142
\BOOKMARK [2][-]{subsection.8.4.4}{Problemas encontrados con .dtx de internet}{section.8.4}% 143
\BOOKMARK [2][-]{subsection.8.4.5}{Comentarios finales en la Raspberry}{section.8.4}% 144
\BOOKMARK [2][-]{subsection.8.4.6}{Comentarios finales al proyecto}{section.8.4}% 145
\BOOKMARK [0][-]{chapter.9}{Consideraciones finales del proyecto}{}% 146
\BOOKMARK [1][-]{section.9.1}{Consideraciones finales}{chapter.9}% 147
\BOOKMARK [1][-]{section.9.2}{Posibles mejoras y futuras ampliaciones}{chapter.9}% 148
\BOOKMARK [0][-]{appendix.Alph1}{C\363digo fuente}{}% 149
\BOOKMARK [1][-]{section.Alph1.1}{Transformar .dtx a .dtx libre}{appendix.Alph1}% 150
\BOOKMARK [1][-]{section.Alph1.2}{DRUMHAT en instrumento midi}{appendix.Alph1}% 151
\BOOKMARK [1][-]{section.Alph1.3}{pyDTX}{appendix.Alph1}% 152
\BOOKMARK [2][-]{subsection.Alph1.3.1}{ChipAuto.py}{section.Alph1.3}% 153
\BOOKMARK [2][-]{subsection.Alph1.3.2}{Chip.py}{section.Alph1.3}% 154
\BOOKMARK [2][-]{subsection.Alph1.3.3}{LaneAuto.py}{section.Alph1.3}% 155
\BOOKMARK [2][-]{subsection.Alph1.3.4}{LaneVisual.py}{section.Alph1.3}% 156
\BOOKMARK [2][-]{subsection.Alph1.3.5}{main.py}{section.Alph1.3}% 157
\BOOKMARK [2][-]{subsection.Alph1.3.6}{UtilidadesDTX.py}{section.Alph1.3}% 158
\BOOKMARK [2][-]{subsection.Alph1.3.7}{MyMainWindowQt5.py}{section.Alph1.3}% 159
\BOOKMARK [2][-]{subsection.Alph1.3.8}{MyWidgetConfigurarDrum.py}{section.Alph1.3}% 160
\BOOKMARK [2][-]{subsection.Alph1.3.9}{MyWidgetConfigurarDTX.py}{section.Alph1.3}% 161
\BOOKMARK [2][-]{subsection.Alph1.3.10}{MyWidgetNavegacion.py}{section.Alph1.3}% 162
\BOOKMARK [2][-]{subsection.Alph1.3.11}{MyWidgetPuntuacion.py}{section.Alph1.3}% 163
\BOOKMARK [2][-]{subsection.Alph1.3.12}{ReproductorDTX.py}{section.Alph1.3}% 164
\BOOKMARK [0][-]{appendix.Alph2}{Gu\355a de estilo python}{}% 165
\BOOKMARK [1][-]{section.Alph2.1}{Formateo del c\363digo}{appendix.Alph2}% 166
\BOOKMARK [2][-]{subsection.Alph2.1.1}{Indentaci\363n}{section.Alph2.1}% 167
\BOOKMARK [2][-]{subsection.Alph2.1.2}{Tama\361o m\341ximo de l\355nea}{section.Alph2.1}% 168
\BOOKMARK [2][-]{subsection.Alph2.1.3}{L\355neas en blanco}{section.Alph2.1}% 169
\BOOKMARK [2][-]{subsection.Alph2.1.4}{Codificaci\363n de caracteres}{section.Alph2.1}% 170
\BOOKMARK [2][-]{subsection.Alph2.1.5}{Imports}{section.Alph2.1}% 171
\BOOKMARK [2][-]{subsection.Alph2.1.6}{Espacios en blanco en expresiones y sentencias}{section.Alph2.1}% 172
\BOOKMARK [2][-]{subsection.Alph2.1.7}{Otras Recomendaciones}{section.Alph2.1}% 173
\BOOKMARK [1][-]{section.Alph2.2}{Comentarios}{appendix.Alph2}% 174
\BOOKMARK [2][-]{subsection.Alph2.2.1}{Comentarios de bloque}{section.Alph2.2}% 175
\BOOKMARK [2][-]{subsection.Alph2.2.2}{Comentarios en l\355nea}{section.Alph2.2}% 176
\BOOKMARK [1][-]{section.Alph2.3}{Cadenas de Documentaci\363n}{appendix.Alph2}% 177
\BOOKMARK [1][-]{section.Alph2.4}{Convenciones de nombres}{appendix.Alph2}% 178
\BOOKMARK [2][-]{subsection.Alph2.4.1}{Descriptivo: Estilos de Nombrado}{section.Alph2.4}% 179
\BOOKMARK [2][-]{subsection.Alph2.4.2}{Prescriptivo: Convenciones de Nombrado}{section.Alph2.4}% 180
\BOOKMARK [1][-]{section.Alph2.5}{Recomendaciones para la programaci\363n}{appendix.Alph2}% 181
\BOOKMARK [0][-]{appendix.Alph3}{GNU GENERAL PUBLIC LICENSE}{}% 182
\BOOKMARK [0][-]{section*.144}{Glosario}{}% 183
\BOOKMARK [0][-]{appendix.Alph4}{Bibliograf\355a}{}% 184
